-------------------------------------------------------------
Script start: ebr_tool_drop.sql
-------------------------------------------------------------
-------------------------------------------------------------
Start script: ebr_tool_drop.sql
-------------------------------------------------------------
Script info:
Elapsed: 00:00:00.403
-------------------------------------------------------------
Calling drop_ebr_tool_tables.sql


-------------------------------------------------------------
Script start: drop_ebr_tool_tables.sql
-------------------------------------------------------------

Dropping ebr_tool_log table...

Table EBR_TOOL_LOG dropped.

Elapsed: 00:00:00.155
-------------------------------------------------------------
Dropping ebr_tool_table table...

Table EBR_TOOL_TABLE dropped.

Elapsed: 00:00:00.062
-------------------------------------------------------------
Dropping ebr_tool_bucket table...

Table EBR_TOOL_BUCKET dropped.

Elapsed: 00:00:00.034

-------------------------------------------------------------
Script end: drop_ebr_tool_tables.sql
-------------------------------------------------------------
Elapsed: 00:00:00.044


-------------------------------------------------------------
Calling drop_ebr_tool_package.sql


-------------------------------------------------------------
Script start: drop_ebr_tool_package.sql
-------------------------------------------------------------

Dropping ebr_tool package body...

Package body EBR_TOOL dropped.

Elapsed: 00:00:00.035
-------------------------------------------------------------
Dropping ebr_tool package...

Package EBR_TOOL dropped.

Elapsed: 00:00:00.041

-------------------------------------------------------------
Script end: drop_ebr_tool_package.sql
-------------------------------------------------------------
Elapsed: 00:00:00.052

